<?xml version="1.0" ?>
<coverage branch-rate="0" branches-covered="0" branches-valid="162" complexity="0" line-rate="0.114" lines-covered="57" lines-valid="500" timestamp="1578783719771" version="5.0.1">
	<!-- Generated by coverage.py: https://coverage.readthedocs.io -->
	<!-- Based on https://raw.githubusercontent.com/cobertura/web/master/htdocs/xml/coverage-04.dtd -->
	<sources>
		<source>/home/runner/work/pyscan/pyscan</source>
	</sources>
	<packages>
		<package branch-rate="0" complexity="0" line-rate="0.114" name=".">
			<classes>
				<class branch-rate="0" complexity="0" filename="main.py" line-rate="0.114" name="main.py">
					<methods/>
					<lines>
						<line hits="1" number="4"/>
						<line hits="1" number="5"/>
						<line hits="1" number="6"/>
						<line hits="1" number="7"/>
						<line hits="1" number="8"/>
						<line hits="1" number="9"/>
						<line hits="1" number="10"/>
						<line branch="true" condition-coverage="100% (2/2)" hits="1" number="11"/>
						<line hits="1" number="12"/>
						<line hits="1" number="13"/>
						<line branch="true" condition-coverage="0% (0/2)" hits="0" missing-branches="37,39" number="36"/>
						<line hits="0" number="37"/>
						<line hits="0" number="38"/>
						<line hits="0" number="39"/>
						<line hits="0" number="40"/>
					</lines>
				</class>
			</classes>
		</package>
	</packages>
</coverage>
